<?xml version="1.0" encoding="UTF-8"?>
<!-- Generated by org.testng.reporters.JUnitXMLReporter -->
<testsuite ignored="0" hostname="Tushar039s-MacBook-Pro.local" failures="0" tests="6" name="Command line test" time="4.13" errors="0" timestamp="2022-07-05T18:34:09 IST">
  <testcase classname="RestAssuredClassTest" name="ProcessAssert" time="1.018"/>
  <testcase classname="RestAssuredClassTest" name="ProcessResponsePOJOPost" time="0.87"/>
  <testcase classname="RestAssuredClassTest" name="ValidatePOJOPost" time="0.596"/>
  <testcase classname="RestAssuredClassTest" name="getResponseBody" time="0.202"/>
  <testcase classname="RestAssuredClassTest" name="validatePUT" time="0.811"/>
  <testcase classname="RestAssuredClassTest" name="validatePost" time="0.613"/>
</testsuite> <!-- Command line test -->
