<?xml version="1.0" encoding="UTF-8" ?>
<testsuite tests="6" failures="0" name="RestAssuredClassTest" time="4.113" errors="0" skipped="0">
  <properties>
[...]
</properties>
  <testcase classname="RestAssuredClassTest" name="ProcessAssert" time="1.019"/>
  <testcase classname="RestAssuredClassTest" name="ProcessResponsePOJOPost" time="0.871"/>
  <testcase classname="RestAssuredClassTest" name="ValidatePOJOPost" time="0.596"/>
  <testcase classname="RestAssuredClassTest" name="getResponseBody" time="0.202"/>
  <testcase classname="RestAssuredClassTest" name="validatePUT" time="0.811"/>
  <testcase classname="RestAssuredClassTest" name="validatePost" time="0.614"/>
</testsuite>